<?xml version="1.0" encoding="UTF-8"?>
<coverage generated="1671232715795" clover="3.2.0">
  <project timestamp="1671232715795" name="All files">
    <metrics statements="16" coveredstatements="15" conditionals="8" coveredconditionals="5" methods="7" coveredmethods="7" elements="31" coveredelements="27" complexity="0" loc="16" ncloc="16" packages="1" files="2" classes="2"/>
    <file name="task3.js" path="F:\Microverse\Module2-JSandNetworking\RepeatedModule2\Week3\TestingPracticeTDD\task3.js">
      <metrics statements="8" coveredstatements="8" conditionals="4" coveredconditionals="2" methods="5" coveredmethods="5"/>
      <line num="4" count="1" type="stmt"/>
      <line num="7" count="1" type="cond" truecount="1" falsecount="1"/>
      <line num="8" count="1" type="stmt"/>
      <line num="11" count="1" type="stmt"/>
      <line num="14" count="1" type="cond" truecount="1" falsecount="1"/>
      <line num="15" count="1" type="stmt"/>
      <line num="18" count="1" type="stmt"/>
      <line num="22" count="1" type="stmt"/>
    </file>
    <file name="tasks.js" path="F:\Microverse\Module2-JSandNetworking\RepeatedModule2\Week3\TestingPracticeTDD\tasks.js">
      <metrics statements="8" coveredstatements="7" conditionals="4" coveredconditionals="3" methods="2" coveredmethods="2"/>
      <line num="4" count="1" type="stmt"/>
      <line num="5" count="1" type="cond" truecount="3" falsecount="1"/>
      <line num="7" count="1" type="stmt"/>
      <line num="9" count="0" type="stmt"/>
      <line num="13" count="1" type="stmt"/>
      <line num="14" count="1" type="stmt"/>
      <line num="15" count="1" type="stmt"/>
      <line num="19" count="1" type="stmt"/>
    </file>
  </project>
</coverage>
