{"F:\\Microverse\\Module2-JSandNetworking\\RepeatedModule2\\Week3\\TestingPracticeTDD\\task3.js": {"path":"F:\\Microverse\\Module2-JSandNetworking\\RepeatedModule2\\Week3\\TestingPracticeTDD\\task3.js","statementMap":{"0":{"start":{"line":4,"column":2},"end":{"line":4,"column":15}},"1":{"start":{"line":7,"column":2},"end":{"line":7,"column":24}},"2":{"start":{"line":7,"column":10},"end":{"line":7,"column":23}},"3":{"start":{"line":8,"column":2},"end":{"line":8,"column":11}},"4":{"start":{"line":11,"column":2},"end":{"line":11,"column":15}},"5":{"start":{"line":14,"column":2},"end":{"line":14,"column":24}},"6":{"start":{"line":14,"column":10},"end":{"line":14,"column":23}},"7":{"start":{"line":15,"column":2},"end":{"line":15,"column":11}},"8":{"start":{"line":18,"column":3},"end":{"line":18,"column":53}},"9":{"start":{"line":22,"column":0},"end":{"line":22,"column":28}}},"fnMap":{"0":{"name":"(anonymous_0)","decl":{"start":{"line":2,"column":0},"end":{"line":2,"column":1}},"loc":{"start":{"line":3,"column":0},"end":{"line":5,"column":1}},"line":3},"1":{"name":"(anonymous_1)","decl":{"start":{"line":6,"column":0},"end":{"line":6,"column":1}},"loc":{"start":{"line":6,"column":20},"end":{"line":9,"column":1}},"line":6},"2":{"name":"(anonymous_2)","decl":{"start":{"line":10,"column":0},"end":{"line":10,"column":1}},"loc":{"start":{"line":10,"column":21},"end":{"line":12,"column":1}},"line":10},"3":{"name":"(anonymous_3)","decl":{"start":{"line":13,"column":0},"end":{"line":13,"column":1}},"loc":{"start":{"line":13,"column":19},"end":{"line":16,"column":1}},"line":13},"4":{"name":"(anonymous_4)","decl":{"start":{"line":17,"column":0},"end":{"line":17,"column":1}},"loc":{"start":{"line":17,"column":22},"end":{"line":19,"column":1}},"line":17}},"branchMap":{"0":{"loc":{"start":{"line":7,"column":2},"end":{"line":7,"column":24}},"type":"if","locations":[{"start":{"line":7,"column":2},"end":{"line":7,"column":24}},{"start":{},"end":{}}],"line":7},"1":{"loc":{"start":{"line":14,"column":2},"end":{"line":14,"column":24}},"type":"if","locations":[{"start":{"line":14,"column":2},"end":{"line":14,"column":24}},{"start":{},"end":{}}],"line":14}},"s":{"0":1,"1":1,"2":0,"3":1,"4":1,"5":1,"6":0,"7":1,"8":1,"9":1},"f":{"0":1,"1":1,"2":1,"3":1,"4":1},"b":{"0":[0,1],"1":[0,1]},"_coverageSchema":"1a1c01bbd47fc00a2c39e90264f33305004495a9","hash":"4bacc974eda0495305d74cd77c3aec0ef39288d8"}
,"F:\\Microverse\\Module2-JSandNetworking\\RepeatedModule2\\Week3\\TestingPracticeTDD\\tasks.js": {"path":"F:\\Microverse\\Module2-JSandNetworking\\RepeatedModule2\\Week3\\TestingPracticeTDD\\tasks.js","statementMap":{"0":{"start":{"line":4,"column":25},"end":{"line":11,"column":3}},"1":{"start":{"line":5,"column":6},"end":{"line":8,"column":7}},"2":{"start":{"line":7,"column":9},"end":{"line":7,"column":30}},"3":{"start":{"line":9,"column":6},"end":{"line":9,"column":15}},"4":{"start":{"line":13,"column":25},"end":{"line":16,"column":3}},"5":{"start":{"line":14,"column":15},"end":{"line":14,"column":45}},"6":{"start":{"line":15,"column":3},"end":{"line":15,"column":14}},"7":{"start":{"line":19,"column":0},"end":{"line":19,"column":23}}},"fnMap":{"0":{"name":"(anonymous_0)","decl":{"start":{"line":4,"column":25},"end":{"line":4,"column":26}},"loc":{"start":{"line":4,"column":37},"end":{"line":11,"column":3}},"line":4},"1":{"name":"(anonymous_1)","decl":{"start":{"line":13,"column":25},"end":{"line":13,"column":26}},"loc":{"start":{"line":13,"column":37},"end":{"line":16,"column":3}},"line":13}},"branchMap":{"0":{"loc":{"start":{"line":5,"column":6},"end":{"line":8,"column":7}},"type":"if","locations":[{"start":{"line":5,"column":6},"end":{"line":8,"column":7}},{"start":{},"end":{}}],"line":5},"1":{"loc":{"start":{"line":5,"column":9},"end":{"line":5,"column":50}},"type":"binary-expr","locations":[{"start":{"line":5,"column":9},"end":{"line":5,"column":27}},{"start":{"line":5,"column":31},"end":{"line":5,"column":50}}],"line":5}},"s":{"0":1,"1":1,"2":1,"3":0,"4":1,"5":1,"6":1,"7":1},"f":{"0":1,"1":1},"b":{"0":[1,0],"1":[1,1]},"_coverageSchema":"1a1c01bbd47fc00a2c39e90264f33305004495a9","hash":"e2980e9bc4b0ec6166cf850a359c4f114d4ab4af"}
}
